<?xml version="1.0" encoding="UTF-8" ?>
<testsuite failures="0" time="95.234" errors="2" skipped="0"
	tests="2" name="uk.co.activelylazy.selenium.SimpleAmazonSearchTest">
	<properties>
[...]
</properties>
	<testcase time="47.617"
		classname="uk.co.activelylazy.selenium.SimpleAmazonSearchTest" name="search_amazon">
		<error
			message="Unable to bind to locking port 7054 within 45000 ms
Build info: version: &apos;2.17.0&apos;, revision: &apos;15546&apos;, time: &apos;2012-01-16 17:11:34&apos;
System info: os.name: &apos;Windows 7&apos;, os.arch: &apos;amd64&apos;, os.version: &apos;6.1&apos;, java.version: &apos;1.7.0_45&apos;
Driver info: driver.version: FirefoxDriver"
			type="org.openqa.selenium.WebDriverException">org.openqa.selenium.WebDriverException: Unable to bind to
			locking port 7054 within 45000 ms
			Build info: version: &apos;2.17.0&apos;, revision: &apos;15546&apos;,
			time: &apos;2012-01-16 17:11:34&apos;
			System info: os.name: &apos;Windows 7&apos;, os.arch: &apos;amd64&apos;,
			os.version: &apos;6.1&apos;, java.version: &apos;1.7.0_45&apos;
			Driver info: driver.version: FirefoxDriver
			at org.openqa.selenium.internal.SocketLock.lock(SocketLock.java:95)
			at
			org.openqa.selenium.firefox.internal.NewProfileExtensionConnection.start(NewProfileExtensionConnection.java:69)
			at
			org.openqa.selenium.firefox.FirefoxDriver.startClient(FirefoxDriver.java:157)
			at
			org.openqa.selenium.remote.RemoteWebDriver.&lt;init&gt;(RemoteWebDriver.java:93)
			at
			org.openqa.selenium.firefox.FirefoxDriver.&lt;init&gt;(FirefoxDriver.java:136)
			at
			org.openqa.selenium.firefox.FirefoxDriver.&lt;init&gt;(FirefoxDriver.java:78)
			at
			uk.co.activelylazy.selenium.SimpleAmazonSearchTest.setupSelenium(SimpleAmazonSearchTest.java:19)
			at sun.reflect.NativeMethodAccessorImpl.invoke0(Native Method)
			at
			sun.reflect.NativeMethodAccessorImpl.invoke(NativeMethodAccessorImpl.java:57)
			at
			sun.reflect.DelegatingMethodAccessorImpl.invoke(DelegatingMethodAccessorImpl.java:43)
			at java.lang.reflect.Method.invoke(Method.java:606)
			at
			org.junit.runners.model.FrameworkMethod$1.runReflectiveCall(FrameworkMethod.java:44)
			at
			org.junit.internal.runners.model.ReflectiveCallable.run(ReflectiveCallable.java:15)
			at
			org.junit.runners.model.FrameworkMethod.invokeExplosively(FrameworkMethod.java:41)
			at
			org.junit.internal.runners.statements.RunBefores.evaluate(RunBefores.java:27)
			at
			org.junit.internal.runners.statements.RunAfters.evaluate(RunAfters.java:31)
			at org.junit.runners.ParentRunner.runLeaf(ParentRunner.java:263)
			at
			org.junit.runners.BlockJUnit4ClassRunner.runChild(BlockJUnit4ClassRunner.java:69)
			at
			org.junit.runners.BlockJUnit4ClassRunner.runChild(BlockJUnit4ClassRunner.java:48)
			at org.junit.runners.ParentRunner$3.run(ParentRunner.java:231)
			at org.junit.runners.ParentRunner$1.schedule(ParentRunner.java:60)
			at org.junit.runners.ParentRunner.runChildren(ParentRunner.java:229)
			at org.junit.runners.ParentRunner.access$000(ParentRunner.java:50)
			at org.junit.runners.ParentRunner$2.evaluate(ParentRunner.java:222)
			at org.junit.runners.ParentRunner.run(ParentRunner.java:292)
			at
			org.apache.maven.surefire.junit4.JUnit4Provider.execute(JUnit4Provider.java:252)
			at
			org.apache.maven.surefire.junit4.JUnit4Provider.executeTestSet(JUnit4Provider.java:141)
			at
			org.apache.maven.surefire.junit4.JUnit4Provider.invoke(JUnit4Provider.java:112)
			at sun.reflect.NativeMethodAccessorImpl.invoke0(Native Method)
			at
			sun.reflect.NativeMethodAccessorImpl.invoke(NativeMethodAccessorImpl.java:57)
			at
			sun.reflect.DelegatingMethodAccessorImpl.invoke(DelegatingMethodAccessorImpl.java:43)
			at java.lang.reflect.Method.invoke(Method.java:606)
			at
			org.apache.maven.surefire.util.ReflectionUtils.invokeMethodWithArray(ReflectionUtils.java:189)
			at
			org.apache.maven.surefire.booter.ProviderFactory$ProviderProxy.invoke(ProviderFactory.java:165)
			at
			org.apache.maven.surefire.booter.ProviderFactory.invokeProvider(ProviderFactory.java:85)
			at
			org.apache.maven.surefire.booter.ForkedBooter.runSuitesInProcess(ForkedBooter.java:115)
			at
			org.apache.maven.surefire.booter.ForkedBooter.main(ForkedBooter.java:75)
		</error>
	</testcase>
	<testcase time="47.617"
		classname="uk.co.activelylazy.selenium.SimpleAmazonSearchTest" name="search_amazon">
		<error type="java.lang.NullPointerException">java.lang.NullPointerException
			at
			uk.co.activelylazy.selenium.SimpleAmazonSearchTest.closeSelenium(SimpleAmazonSearchTest.java:24)
			at sun.reflect.NativeMethodAccessorImpl.invoke0(Native Method)
			at
			sun.reflect.NativeMethodAccessorImpl.invoke(NativeMethodAccessorImpl.java:57)
			at
			sun.reflect.DelegatingMethodAccessorImpl.invoke(DelegatingMethodAccessorImpl.java:43)
			at java.lang.reflect.Method.invoke(Method.java:606)
			at
			org.junit.runners.model.FrameworkMethod$1.runReflectiveCall(FrameworkMethod.java:44)
			at
			org.junit.internal.runners.model.ReflectiveCallable.run(ReflectiveCallable.java:15)
			at
			org.junit.runners.model.FrameworkMethod.invokeExplosively(FrameworkMethod.java:41)
			at
			org.junit.internal.runners.statements.RunAfters.evaluate(RunAfters.java:37)
			at org.junit.runners.ParentRunner.runLeaf(ParentRunner.java:263)
			at
			org.junit.runners.BlockJUnit4ClassRunner.runChild(BlockJUnit4ClassRunner.java:69)
			at
			org.junit.runners.BlockJUnit4ClassRunner.runChild(BlockJUnit4ClassRunner.java:48)
			at org.junit.runners.ParentRunner$3.run(ParentRunner.java:231)
			at org.junit.runners.ParentRunner$1.schedule(ParentRunner.java:60)
			at org.junit.runners.ParentRunner.runChildren(ParentRunner.java:229)
			at org.junit.runners.ParentRunner.access$000(ParentRunner.java:50)
			at org.junit.runners.ParentRunner$2.evaluate(ParentRunner.java:222)
			at org.junit.runners.ParentRunner.run(ParentRunner.java:292)
			at
			org.apache.maven.surefire.junit4.JUnit4Provider.execute(JUnit4Provider.java:252)
			at
			org.apache.maven.surefire.junit4.JUnit4Provider.executeTestSet(JUnit4Provider.java:141)
			at
			org.apache.maven.surefire.junit4.JUnit4Provider.invoke(JUnit4Provider.java:112)
			at sun.reflect.NativeMethodAccessorImpl.invoke0(Native Method)
			at
			sun.reflect.NativeMethodAccessorImpl.invoke(NativeMethodAccessorImpl.java:57)
			at
			sun.reflect.DelegatingMethodAccessorImpl.invoke(DelegatingMethodAccessorImpl.java:43)
			at java.lang.reflect.Method.invoke(Method.java:606)
			at
			org.apache.maven.surefire.util.ReflectionUtils.invokeMethodWithArray(ReflectionUtils.java:189)
			at
			org.apache.maven.surefire.booter.ProviderFactory$ProviderProxy.invoke(ProviderFactory.java:165)
			at
			org.apache.maven.surefire.booter.ProviderFactory.invokeProvider(ProviderFactory.java:85)
			at
			org.apache.maven.surefire.booter.ForkedBooter.runSuitesInProcess(ForkedBooter.java:115)
			at
			org.apache.maven.surefire.booter.ForkedBooter.main(ForkedBooter.java:75)
		</error>
	</testcase>
</testsuite>